{INFO } 2023-06-02 11:44:09.980 ConsoleController:71-Повідомлення рівня info 
{WARN } 2023-06-02 11:44:09.980 ConsoleController:72-Повідомлення рівня warn 
{ERROR} 2023-06-02 11:44:09.980 ConsoleController:73-Повідомлення рівня error 
{FATAL} 2023-06-02 11:44:09.980 ConsoleController:74-Повідомлення рівня fatal 
{INFO } 2023-06-02 11:44:15.746 ConsoleController:82-Додано новий продукт: dfgg 
{INFO } 2023-06-02 11:44:15.746 ConsoleController:36-Натиснуто кнопку 1 
{INFO } 2023-06-02 11:44:17.324 ConsoleController:114-Виведено колекцію продуктів 
{INFO } 2023-06-02 11:44:17.324 ConsoleController:88-Виведено список продуктів 
{INFO } 2023-06-02 11:44:17.324 ConsoleController:40-Натиснуто кнопку 2 
{INFO } 2023-06-02 11:44:18.074 ConsoleController:114-Виведено колекцію продуктів 
{INFO } 2023-06-02 11:44:18.074 ConsoleController:94-Відсортовано список продктів за ціною 
{INFO } 2023-06-02 11:44:18.074 ConsoleController:44-Натиснуто кнопку 3 
{INFO } 2023-06-02 11:44:18.761 ConsoleController:114-Виведено колекцію продуктів 
{INFO } 2023-06-02 11:44:18.761 ConsoleController:100-Відсортовано список продуктів за кількістю 
{INFO } 2023-06-02 11:44:18.761 ConsoleController:48-Натиснуто кнопку 4 
{INFO } 2023-06-02 11:44:21.246 ConsoleController:56-Вихід 
{INFO } 2023-06-02 11:53:53.232 ConsoleController:71-Повідомлення рівня info 
{WARN } 2023-06-02 11:53:53.232 ConsoleController:72-Повідомлення рівня warn 
{ERROR} 2023-06-02 11:53:53.232 ConsoleController:73-Повідомлення рівня error 
{FATAL} 2023-06-02 11:53:54.654 ConsoleController:74-Повідомлення рівня fatal 
{INFO } 2023-06-02 12:06:03.408 ConsoleController:71-Повідомлення рівня info 
{WARN } 2023-06-02 12:06:03.424 ConsoleController:72-Повідомлення рівня warn 
{ERROR} 2023-06-02 12:06:03.424 ConsoleController:73-Повідомлення рівня error 
{FATAL} 2023-06-02 12:06:05.600 ConsoleController:74-Повідомлення рівня fatal 
{INFO } 2023-06-02 12:06:15.500 ConsoleController:82-Додано новий продукт: jgf 
{INFO } 2023-06-02 12:06:15.500 ConsoleController:36-Натиснуто кнопку 1 
{INFO } 2023-06-02 12:06:18.250 ConsoleController:114-Виведено колекцію продуктів 
{INFO } 2023-06-02 12:06:18.250 ConsoleController:88-Виведено список продуктів 
{INFO } 2023-06-02 12:06:18.250 ConsoleController:40-Натиснуто кнопку 2 
{INFO } 2023-06-02 12:06:20.343 ConsoleController:114-Виведено колекцію продуктів 
{INFO } 2023-06-02 12:06:20.343 ConsoleController:94-Відсортовано список продктів за ціною 
{INFO } 2023-06-02 12:06:20.343 ConsoleController:44-Натиснуто кнопку 3 
{WARN } 2023-06-02 12:06:20.375 ConsoleController:59-Невірна команда:  
{INFO } 2023-06-02 12:06:21.750 ConsoleController:114-Виведено колекцію продуктів 
{INFO } 2023-06-02 12:06:21.750 ConsoleController:100-Відсортовано список продуктів за кількістю 
{INFO } 2023-06-02 12:06:21.750 ConsoleController:48-Натиснуто кнопку 4 
{INFO } 2023-06-02 12:06:23.624 ConsoleController:56-Вихід 
{INFO } 2023-06-02 12:55:03.049 ConsoleController:71-Повідомлення рівня info 
{WARN } 2023-06-02 12:55:03.064 ConsoleController:72-Повідомлення рівня warn 
{ERROR} 2023-06-02 12:55:03.064 ConsoleController:73-Повідомлення рівня error 
{FATAL} 2023-06-02 12:55:05.221 ConsoleController:74-Повідомлення рівня fatal 
{INFO } 2023-06-02 12:55:17.939 ConsoleController:82-Додано новий продукт: tyjk 
{INFO } 2023-06-02 12:55:17.939 ConsoleController:36-Натиснуто кнопку 1 
{INFO } 2023-06-02 12:55:19.923 ConsoleController:114-Виведено колекцію продуктів 
{INFO } 2023-06-02 12:55:19.923 ConsoleController:88-Виведено список продуктів 
{INFO } 2023-06-02 12:55:19.923 ConsoleController:40-Натиснуто кнопку 2 
{INFO } 2023-06-02 12:55:21.095 ConsoleController:114-Виведено колекцію продуктів 
{INFO } 2023-06-02 12:55:21.095 ConsoleController:94-Відсортовано список продктів за ціною 
{INFO } 2023-06-02 12:55:21.095 ConsoleController:44-Натиснуто кнопку 3 
{INFO } 2023-06-02 12:55:22.564 ConsoleController:114-Виведено колекцію продуктів 
{INFO } 2023-06-02 12:55:22.564 ConsoleController:100-Відсортовано список продуктів за кількістю 
{INFO } 2023-06-02 12:55:22.564 ConsoleController:48-Натиснуто кнопку 4 
{INFO } 2023-06-02 12:55:34.798 ConsoleController:56-Вихід 
{INFO } 2023-06-02 13:21:28.448 ConsoleController:71-Повідомлення рівня info 
{WARN } 2023-06-02 13:21:28.464 ConsoleController:72-Повідомлення рівня warn 
{ERROR} 2023-06-02 13:21:28.464 ConsoleController:73-Повідомлення рівня error 
{FATAL} 2023-06-02 13:21:30.792 ConsoleController:74-Повідомлення рівня fatal 
{INFO } 2023-06-02 13:21:38.964 ConsoleController:82-Додано новий продукт: внролд 
{INFO } 2023-06-02 13:21:38.964 ConsoleController:36-Натиснуто кнопку 1 
{INFO } 2023-06-02 13:21:42.542 ConsoleController:114-Виведено колекцію продуктів 
{INFO } 2023-06-02 13:21:42.542 ConsoleController:88-Виведено список продуктів 
{INFO } 2023-06-02 13:21:42.558 ConsoleController:40-Натиснуто кнопку 2 
{INFO } 2023-06-02 13:21:43.949 ConsoleController:114-Виведено колекцію продуктів 
{INFO } 2023-06-02 13:21:43.964 ConsoleController:94-Відсортовано список продктів за ціною 
{INFO } 2023-06-02 13:21:43.964 ConsoleController:44-Натиснуто кнопку 3 
{INFO } 2023-06-02 13:21:45.089 ConsoleController:114-Виведено колекцію продуктів 
{INFO } 2023-06-02 13:21:45.089 ConsoleController:100-Відсортовано список продуктів за кількістю 
{INFO } 2023-06-02 13:21:45.089 ConsoleController:48-Натиснуто кнопку 4 
{INFO } 2023-06-02 13:21:50.620 ConsoleController:56-Вихід 
{INFO } 2023-06-02 13:32:10.471 ConsoleController:71-Повідомлення рівня info 
{WARN } 2023-06-02 13:32:10.484 ConsoleController:72-Повідомлення рівня warn 
{ERROR} 2023-06-02 13:32:10.485 ConsoleController:73-Повідомлення рівня error 
{FATAL} 2023-06-02 13:32:12.461 ConsoleController:74-Повідомлення рівня fatal 
{INFO } 2023-06-02 13:32:22.972 ConsoleController:82-Додано новий продукт: jhggg 
{INFO } 2023-06-02 13:32:22.974 ConsoleController:36-Натиснуто кнопку 1 
{INFO } 2023-06-02 13:32:26.267 ConsoleController:114-Виведено колекцію продуктів 
{INFO } 2023-06-02 13:32:26.268 ConsoleController:88-Виведено список продуктів 
{INFO } 2023-06-02 13:32:26.269 ConsoleController:40-Натиснуто кнопку 2 
{INFO } 2023-06-02 13:32:27.967 ConsoleController:114-Виведено колекцію продуктів 
{INFO } 2023-06-02 13:32:27.969 ConsoleController:94-Відсортовано список продктів за ціною 
{INFO } 2023-06-02 13:32:27.970 ConsoleController:44-Натиснуто кнопку 3 
{INFO } 2023-06-02 13:32:29.259 ConsoleController:114-Виведено колекцію продуктів 
{INFO } 2023-06-02 13:32:29.260 ConsoleController:100-Відсортовано список продуктів за кількістю 
{INFO } 2023-06-02 13:32:29.261 ConsoleController:48-Натиснуто кнопку 4 
{INFO } 2023-06-02 13:32:31.029 ConsoleController:56-Вихід 
{INFO } 2023-06-02 13:34:39.036 ConsoleController:71-Повідомлення рівня info 
{WARN } 2023-06-02 13:34:39.067 ConsoleController:72-Повідомлення рівня warn 
{ERROR} 2023-06-02 13:34:39.067 ConsoleController:73-Повідомлення рівня error 
{FATAL} 2023-06-02 13:34:41.036 ConsoleController:74-Повідомлення рівня fatal 
{INFO } 2023-06-02 13:34:47.833 ConsoleController:82-Додано новий продукт: ww 
{INFO } 2023-06-02 13:34:47.833 ConsoleController:36-Натиснуто кнопку 1 
{INFO } 2023-06-02 13:34:49.739 ConsoleController:114-Виведено колекцію продуктів 
{INFO } 2023-06-02 13:34:49.739 ConsoleController:88-Виведено список продуктів 
{INFO } 2023-06-02 13:34:49.739 ConsoleController:40-Натиснуто кнопку 2 
{INFO } 2023-06-02 13:34:50.317 ConsoleController:114-Виведено колекцію продуктів 
{INFO } 2023-06-02 13:34:50.317 ConsoleController:94-Відсортовано список продктів за ціною 
{INFO } 2023-06-02 13:34:50.317 ConsoleController:44-Натиснуто кнопку 3 
{INFO } 2023-06-02 13:34:52.583 ConsoleController:56-Вихід 
{INFO } 2023-06-02 13:35:25.485 ConsoleController:71-Повідомлення рівня info 
{WARN } 2023-06-02 13:35:25.485 ConsoleController:72-Повідомлення рівня warn 
{ERROR} 2023-06-02 13:35:25.500 ConsoleController:73-Повідомлення рівня error 
{FATAL} 2023-06-02 13:35:27.547 ConsoleController:74-Повідомлення рівня fatal 
{INFO } 2023-06-02 13:35:34.828 ConsoleController:82-Додано новий продукт: s 
{INFO } 2023-06-02 13:35:34.828 ConsoleController:36-Натиснуто кнопку 1 
{INFO } 2023-06-02 13:35:36.156 ConsoleController:114-Виведено колекцію продуктів 
{INFO } 2023-06-02 13:35:36.156 ConsoleController:88-Виведено список продуктів 
{INFO } 2023-06-02 13:35:36.156 ConsoleController:40-Натиснуто кнопку 2 
{INFO } 2023-06-02 13:35:36.611 ConsoleController:114-Виведено колекцію продуктів 
{INFO } 2023-06-02 13:35:36.611 ConsoleController:94-Відсортовано список продктів за ціною 
{INFO } 2023-06-02 13:35:36.611 ConsoleController:44-Натиснуто кнопку 3 
{INFO } 2023-06-02 13:35:40.487 ConsoleController:56-Вихід 
{INFO } 2023-06-02 13:43:53.139 ConsoleController:71-Повідомлення рівня info 
{WARN } 2023-06-02 13:43:53.373 ConsoleController:72-Повідомлення рівня warn 
{ERROR} 2023-06-02 13:43:53.608 ConsoleController:73-Повідомлення рівня error 
{FATAL} 2023-06-02 13:43:55.483 ConsoleController:74-Повідомлення рівня fatal 
{INFO } 2023-06-02 13:44:00.982 ConsoleController:82-Додано новий продукт: fff 
{INFO } 2023-06-02 13:44:01.201 ConsoleController:36-Натиснуто кнопку 1 
{INFO } 2023-06-02 13:44:04.123 ConsoleController:114-Виведено колекцію продуктів 
{INFO } 2023-06-02 13:44:04.326 ConsoleController:88-Виведено список продуктів 
{INFO } 2023-06-02 13:44:04.545 ConsoleController:40-Натиснуто кнопку 2 
{INFO } 2023-06-02 13:44:05.389 ConsoleController:114-Виведено колекцію продуктів 
{INFO } 2023-06-02 13:44:05.592 ConsoleController:94-Відсортовано список продктів за ціною 
{INFO } 2023-06-02 13:44:05.842 ConsoleController:44-Натиснуто кнопку 3 
{INFO } 2023-06-02 13:44:10.857 ConsoleController:56-Вихід 
{INFO } 2023-06-02 13:45:49.503 ConsoleController:71-Повідомлення рівня info 
{WARN } 2023-06-02 13:45:49.503 ConsoleController:72-Повідомлення рівня warn 
{ERROR} 2023-06-02 13:45:49.519 ConsoleController:73-Повідомлення рівня error 
{FATAL} 2023-06-02 13:45:51.769 ConsoleController:74-Повідомлення рівня fatal 
{INFO } 2023-06-02 13:46:01.206 ConsoleController:82-Додано новий продукт: dfgh 
{INFO } 2023-06-02 13:46:01.222 ConsoleController:36-Натиснуто кнопку 1 
{INFO } 2023-06-02 13:46:02.597 ConsoleController:114-Виведено колекцію продуктів 
{INFO } 2023-06-02 13:46:02.597 ConsoleController:88-Виведено список продуктів 
{INFO } 2023-06-02 13:46:02.597 ConsoleController:40-Натиснуто кнопку 2 
{INFO } 2023-06-02 13:46:02.925 ConsoleController:114-Виведено колекцію продуктів 
{INFO } 2023-06-02 13:46:02.925 ConsoleController:94-Відсортовано список продктів за ціною 
{INFO } 2023-06-02 13:46:02.925 ConsoleController:44-Натиснуто кнопку 3 
{WARN } 2023-06-02 13:46:04.268 ConsoleController:59-Невірна команда:  
{INFO } 2023-06-02 13:46:06.362 ConsoleController:56-Вихід 
{INFO } 2023-06-02 13:48:52.676 ConsoleController:71-Повідомлення рівня info 
{WARN } 2023-06-02 13:48:52.676 ConsoleController:72-Повідомлення рівня warn 
{ERROR} 2023-06-02 13:48:52.692 ConsoleController:73-Повідомлення рівня error 
{FATAL} 2023-06-02 13:48:54.848 ConsoleController:74-Повідомлення рівня fatal 
{INFO } 2023-06-02 13:49:02.879 ConsoleController:82-Додано новий продукт: wertgy 
{INFO } 2023-06-02 13:49:02.879 ConsoleController:36-Натиснуто кнопку 1 
{INFO } 2023-06-02 13:49:04.270 ConsoleController:114-Виведено колекцію продуктів 
{INFO } 2023-06-02 13:49:04.270 ConsoleController:88-Виведено список продуктів 
{INFO } 2023-06-02 13:49:04.270 ConsoleController:40-Натиснуто кнопку 2 
{INFO } 2023-06-02 13:49:04.660 ConsoleController:114-Виведено колекцію продуктів 
{INFO } 2023-06-02 13:49:04.660 ConsoleController:94-Відсортовано список продктів за ціною 
{INFO } 2023-06-02 13:49:04.660 ConsoleController:44-Натиснуто кнопку 3 
{INFO } 2023-06-02 13:49:07.348 ConsoleController:114-Виведено колекцію продуктів 
{INFO } 2023-06-02 13:49:07.348 ConsoleController:100-Відсортовано список продуктів за кількістю 
{INFO } 2023-06-02 13:49:07.348 ConsoleController:48-Натиснуто кнопку 4 
{INFO } 2023-06-02 13:49:09.207 ConsoleController:56-Вихід 
{INFO } 2023-06-02 13:58:29.305 ConsoleController:71-Повідомлення рівня info 
{WARN } 2023-06-02 13:58:29.305 ConsoleController:72-Повідомлення рівня warn 
{ERROR} 2023-06-02 13:58:29.320 ConsoleController:73-Повідомлення рівня error 
{FATAL} 2023-06-02 13:58:31.445 ConsoleController:74-Повідомлення рівня fatal 
{INFO } 2023-06-02 13:58:36.976 ConsoleController:82-Додано новий продукт: wsdfghjk 
{INFO } 2023-06-02 13:58:36.992 ConsoleController:36-Натиснуто кнопку 1 
{INFO } 2023-06-02 13:58:40.148 ConsoleController:114-Виведено колекцію продуктів 
{INFO } 2023-06-02 13:58:40.148 ConsoleController:88-Виведено список продуктів 
{INFO } 2023-06-02 13:58:40.164 ConsoleController:40-Натиснуто кнопку 2 
{INFO } 2023-06-02 13:58:40.570 ConsoleController:114-Виведено колекцію продуктів 
{INFO } 2023-06-02 13:58:40.570 ConsoleController:94-Відсортовано список продктів за ціною 
{INFO } 2023-06-02 13:58:40.586 ConsoleController:44-Натиснуто кнопку 3 
{INFO } 2023-06-02 13:58:42.039 ConsoleController:114-Виведено колекцію продуктів 
{INFO } 2023-06-02 13:58:42.039 ConsoleController:100-Відсортовано список продуктів за кількістю 
{INFO } 2023-06-02 13:58:42.039 ConsoleController:48-Натиснуто кнопку 4 
{INFO } 2023-06-02 13:58:43.586 ConsoleController:56-Вихід 
{INFO } 2023-06-05 10:09:37.638 ConsoleController:71-Повідомлення рівня info 
{WARN } 2023-06-05 10:09:37.638 ConsoleController:72-Повідомлення рівня warn 
{ERROR} 2023-06-05 10:09:37.654 ConsoleController:73-Повідомлення рівня error 
{FATAL} 2023-06-05 10:09:39.810 ConsoleController:74-Повідомлення рівня fatal 
{WARN } 2023-06-05 10:20:44.174 ConsoleController:59-Невірна команда:  
{INFO } 2023-06-05 10:20:48.361 ConsoleController:71-Повідомлення рівня info 
{WARN } 2023-06-05 10:20:48.366 ConsoleController:72-Повідомлення рівня warn 
{ERROR} 2023-06-05 10:20:48.367 ConsoleController:73-Повідомлення рівня error 
{FATAL} 2023-06-05 10:20:50.306 ConsoleController:74-Повідомлення рівня fatal 
{INFO } 2023-06-05 10:30:04.442 ConsoleController:71-Повідомлення рівня info 
{WARN } 2023-06-05 10:30:04.457 ConsoleController:72-Повідомлення рівня warn 
{ERROR} 2023-06-05 10:30:04.459 ConsoleController:73-Повідомлення рівня error 
{FATAL} 2023-06-05 10:30:06.540 ConsoleController:74-Повідомлення рівня fatal 
{INFO } 2023-06-05 10:30:07.718 SmsSender:16-start sending SMS message 
{INFO } 2023-06-05 10:30:43.464 ConsoleController:71-Повідомлення рівня info 
{WARN } 2023-06-05 10:30:43.469 ConsoleController:72-Повідомлення рівня warn 
{ERROR} 2023-06-05 10:30:43.471 ConsoleController:73-Повідомлення рівня error 
{FATAL} 2023-06-05 10:30:45.402 ConsoleController:74-Повідомлення рівня fatal 
{INFO } 2023-06-05 10:30:46.511 SmsSender:16-start sending SMS message 
{INFO } 2023-06-05 10:34:46.909 ConsoleController:71-Повідомлення рівня info 
{WARN } 2023-06-05 10:34:46.940 ConsoleController:72-Повідомлення рівня warn 
{ERROR} 2023-06-05 10:34:46.942 ConsoleController:73-Повідомлення рівня error 
{FATAL} 2023-06-05 10:34:48.770 ConsoleController:74-Повідомлення рівня fatal 
{INFO } 2023-06-05 10:34:49.880 SmsSender:16-start sending SMS message 
{INFO } 2023-06-05 10:34:49.892 SmsSender:18-step 1 
{INFO } 2023-06-05 10:37:06.811 ConsoleController:71-Повідомлення рівня info 
{WARN } 2023-06-05 10:37:06.828 ConsoleController:72-Повідомлення рівня warn 
{ERROR} 2023-06-05 10:37:06.829 ConsoleController:73-Повідомлення рівня error 
{FATAL} 2023-06-05 10:37:08.874 ConsoleController:74-Повідомлення рівня fatal 
{INFO } 2023-06-05 10:37:10.040 SmsSender:16-start sending SMS message 
{INFO } 2023-06-05 10:37:10.048 SmsSender:18-step 1 
{INFO } 2023-06-05 10:37:11.431 SmsSender:26-step 2 
{INFO } 2023-06-05 10:37:11.432 SmsSender:28-SMS message sent 
{INFO } 2023-06-05 10:38:34.862 ConsoleController:71-Повідомлення рівня info 
{WARN } 2023-06-05 10:38:34.880 ConsoleController:72-Повідомлення рівня warn 
{ERROR} 2023-06-05 10:38:34.882 ConsoleController:73-Повідомлення рівня error 
{FATAL} 2023-06-05 10:38:36.748 ConsoleController:74-Повідомлення рівня fatal 
{INFO } 2023-06-05 10:38:38.047 SmsSender:16-start sending SMS message 
{INFO } 2023-06-05 10:38:38.054 SmsSender:18-step 1 
{INFO } 2023-06-05 10:38:39.416 SmsSender:26-step 2 
{INFO } 2023-06-05 10:38:39.417 SmsSender:28-SMS message sent 
{INFO } 2023-06-05 10:42:49.808 ConsoleController:71-Повідомлення рівня info 
{WARN } 2023-06-05 10:42:49.825 ConsoleController:72-Повідомлення рівня warn 
{ERROR} 2023-06-05 10:42:49.827 ConsoleController:73-Повідомлення рівня error 
{FATAL} 2023-06-05 10:42:51.847 ConsoleController:74-Повідомлення рівня fatal 
{INFO } 2023-06-05 10:42:52.963 SmsSender:16-start sending SMS message 
{INFO } 2023-06-05 10:42:52.970 SmsSender:18-step 1 
{INFO } 2023-06-05 10:42:54.447 SmsSender:21-step 2 
{INFO } 2023-06-05 10:42:54.451 SmsSender:23-SMS message sent 
{INFO } 2023-06-07 13:55:43.023 ConsoleController:71-Повідомлення рівня info 
{WARN } 2023-06-07 13:55:43.039 ConsoleController:72-Повідомлення рівня warn 
{ERROR} 2023-06-07 13:55:43.039 ConsoleController:73-Повідомлення рівня error 
{FATAL} 2023-06-07 13:55:45.726 ConsoleController:74-Повідомлення рівня fatal 
{INFO } 2023-06-07 13:55:47.101 SmsSender:16-start sending SMS message 
{INFO } 2023-06-07 13:55:47.101 SmsSender:18-step 1 
{INFO } 2023-06-07 13:55:48.836 SmsSender:21-step 2 
{INFO } 2023-06-07 13:55:48.836 SmsSender:23-SMS message sent 
{INFO } 2023-06-07 13:56:00.143 ConsoleController:82-Додано новий продукт: помідор 
{INFO } 2023-06-07 13:56:00.158 ConsoleController:36-Натиснуто кнопку 1 
{INFO } 2023-06-07 13:56:03.331 ConsoleController:114-Виведено колекцію продуктів 
{INFO } 2023-06-07 13:56:03.346 ConsoleController:88-Виведено список продуктів 
{INFO } 2023-06-07 13:56:03.346 ConsoleController:40-Натиснуто кнопку 2 
{INFO } 2023-06-07 13:56:13.002 ConsoleController:114-Виведено колекцію продуктів 
{INFO } 2023-06-07 13:56:13.002 ConsoleController:94-Відсортовано список продктів за ціною 
{INFO } 2023-06-07 13:56:13.018 ConsoleController:44-Натиснуто кнопку 3 
{INFO } 2023-06-07 13:56:15.080 ConsoleController:114-Виведено колекцію продуктів 
{INFO } 2023-06-07 13:56:15.080 ConsoleController:100-Відсортовано список продуктів за кількістю 
{INFO } 2023-06-07 13:56:15.080 ConsoleController:48-Натиснуто кнопку 4 
{INFO } 2023-06-07 13:56:31.064 ConsoleController:56-Вихід 
