{INFO } 2023-06-07 13:55:43.023 ConsoleController:71-Повідомлення рівня info 
{WARN } 2023-06-07 13:55:43.039 ConsoleController:72-Повідомлення рівня warn 
{ERROR} 2023-06-07 13:55:43.039 ConsoleController:73-Повідомлення рівня error 
{FATAL} 2023-06-07 13:55:45.726 ConsoleController:74-Повідомлення рівня fatal 
{INFO } 2023-06-07 13:55:47.101 SmsSender:16-start sending SMS message 
{INFO } 2023-06-07 13:55:47.101 SmsSender:18-step 1 
{INFO } 2023-06-07 13:55:48.836 SmsSender:21-step 2 
{INFO } 2023-06-07 13:55:48.836 SmsSender:23-SMS message sent 
{INFO } 2023-06-07 13:56:00.143 ConsoleController:82-Додано новий продукт: помідор 
{INFO } 2023-06-07 13:56:00.158 ConsoleController:36-Натиснуто кнопку 1 
{INFO } 2023-06-07 13:56:03.331 ConsoleController:114-Виведено колекцію продуктів 
{INFO } 2023-06-07 13:56:03.346 ConsoleController:88-Виведено список продуктів 
{INFO } 2023-06-07 13:56:03.346 ConsoleController:40-Натиснуто кнопку 2 
{INFO } 2023-06-07 13:56:13.002 ConsoleController:114-Виведено колекцію продуктів 
{INFO } 2023-06-07 13:56:13.002 ConsoleController:94-Відсортовано список продктів за ціною 
{INFO } 2023-06-07 13:56:13.018 ConsoleController:44-Натиснуто кнопку 3 
{INFO } 2023-06-07 13:56:15.080 ConsoleController:114-Виведено колекцію продуктів 
{INFO } 2023-06-07 13:56:15.080 ConsoleController:100-Відсортовано список продуктів за кількістю 
{INFO } 2023-06-07 13:56:15.080 ConsoleController:48-Натиснуто кнопку 4 
{INFO } 2023-06-07 13:56:31.064 ConsoleController:56-Вихід 
